This is pdfTeX, Version 3.141592653-2.6-1.40.25 (MiKTeX 24.1) (preloaded format=pdflatex 2025.1.20)  25 JAN 2025 21:36
entering extended mode
 restricted \write18 enabled.
 %&-line parsing enabled.
**./PAPER.tex
(PAPER.tex
LaTeX2e <2023-11-01> patch level 1
L3 programming layer <2024-01-04>
(C:\Users\‰∫éÁÅèÊñá1\AppData\Local\Programs\MiKTeX\tex/latex/base\article.cls
Document Class: article 2023/05/17 v1.4n Standard LaTeX document class
(C:\Users\‰∫éÁÅèÊñá1\AppData\Local\Programs\MiKTeX\tex/latex/base\size12.clo
File: size12.clo 2023/05/17 v1.4n Standard LaTeX file (size option)
)
\c@part=\count187
\c@section=\count188
\c@subsection=\count189
\c@subsubsection=\count190
\c@paragraph=\count191
\c@subparagraph=\count192
\c@figure=\count193
\c@table=\count194
\abovecaptionskip=\skip48
\belowcaptionskip=\skip49
\bibindent=\dimen140
)
(easymcm.sty
Package: easymcm 2022/01/05 easymcm v5.2.2

easymcm package, version 5.2.2

(C:\Users\‰∫éÁÅèÊñá1\AppData\Local\Programs\MiKTeX\tex/latex/geometry\geometry.
sty
Package: geometry 2020/01/02 v5.9 Page Geometry

(C:\Users\‰∫éÁÅèÊñá1\AppData\Local\Programs\MiKTeX\tex/latex/graphics\keyval.st
y
Package: keyval 2022/05/29 v1.15 key=value parser (DPC)
\KV@toks@=\toks17
)
(C:\Users\‰∫éÁÅèÊñá1\AppData\Local\Programs\MiKTeX\tex/generic/iftex\ifvtex.sty
Package: ifvtex 2019/10/25 v1.7 ifvtex legacy package. Use iftex instead.
(C:\Users\‰∫éÁÅèÊñá1\AppData\Local\Programs\MiKTeX\tex/generic/iftex\iftex.sty
Package: iftex 2022/02/03 v1.0f TeX engine tests
))
\Gm@cnth=\count195
\Gm@cntv=\count196
\c@Gm@tempcnt=\count197
\Gm@bindingoffset=\dimen141
\Gm@wd@mp=\dimen142
\Gm@odd@mp=\dimen143
\Gm@even@mp=\dimen144
\Gm@layoutwidth=\dimen145
\Gm@layoutheight=\dimen146
\Gm@layouthoffset=\dimen147
\Gm@layoutvoffset=\dimen148
\Gm@dimlist=\toks18

(C:\Users\‰∫éÁÅèÊñá1\AppData\Local\Programs\MiKTeX\tex/latex/geometry\geometry.
cfg))
(C:\Users\‰∫éÁÅèÊñá1\AppData\Local\Programs\MiKTeX\tex/latex/fancyhdr\fancyhdr.
sty
Package: fancyhdr 2025/01/07 v5.1.1 Extensive control of page headers and foote
rs
\f@nch@headwidth=\skip50
\f@nch@offset@elh=\skip51
\f@nch@offset@erh=\skip52
\f@nch@offset@olh=\skip53
\f@nch@offset@orh=\skip54
\f@nch@offset@elf=\skip55
\f@nch@offset@erf=\skip56
\f@nch@offset@olf=\skip57
\f@nch@offset@orf=\skip58
\f@nch@height=\skip59
\f@nch@footalignment=\skip60
\f@nch@widthL=\skip61
\f@nch@widthC=\skip62
\f@nch@widthR=\skip63
\@temptokenb=\toks19
)
(C:\Users\‰∫éÁÅèÊñá1\AppData\Local\Programs\MiKTeX\tex/latex/fancybox\fancybox.
sty
Package: fancybox 2010/05/15 1.4

Style option: `fancybox' v1.4 <2010/05/15> (tvz)
\@fancybox=\box51
\shadowsize=\dimen149
\@Sbox=\box52
\do@VerbBox=\toks20
\the@fancyput=\toks21
\this@fancyput=\toks22
\EndVerbatimTokens=\toks23
\Verbatim@Outfile=\write3
\Verbatim@Infile=\read2
) (C:\Users\‰∫éÁÅèÊñá1\AppData\Local\Programs\MiKTeX\tex/latex/base\ifthen.sty
Package: ifthen 2022/04/13 v1.1d Standard LaTeX ifthen package (DPC)
)
(C:\Users\‰∫éÁÅèÊñá1\AppData\Local\Programs\MiKTeX\tex/latex/lastpage\lastpage.
sty
Package: lastpage 2024/11/24 v2.1d lastpage: 2.09 or 2e? (HMM)

(C:\Users\‰∫éÁÅèÊñá1\AppData\Local\Programs\MiKTeX\tex/latex/lastpage\lastpage2
e.sty
Package: lastpage2e 2024/11/24 v2.1d Decide which 2e lastpage version to use (H
MM)

(C:\Users\‰∫éÁÅèÊñá1\AppData\Local\Programs\MiKTeX\tex/latex/lastpage\lastpagec
lassic.sty
Package: lastpageclassic 2024/11/24 v2.1d Refers to last page's name (HMM; JPG)

) 
))
(C:\Users\‰∫éÁÅèÊñá1\AppData\Local\Programs\MiKTeX\tex/latex/paralist\paralist.
sty
Package: paralist 2017/01/22 v2.7 Extended list environments
\pltopsep=\skip64
\plpartopsep=\skip65
\plitemsep=\skip66
\plparsep=\skip67
\pl@lab=\toks24
)
(C:\Users\‰∫éÁÅèÊñá1\AppData\Local\Programs\MiKTeX\tex/latex/tools\indentfirst.
sty
Package: indentfirst 2023/07/02 v1.03 Indent first paragraph (DPC)
)
(C:\Users\‰∫éÁÅèÊñá1\AppData\Local\Programs\MiKTeX\tex/latex/appendix\appendix.
sty
Package: appendix 2020/02/08 v1.2c extra appendix facilities
\c@@pps=\count198
\c@@ppsavesec=\count199
\c@@ppsaveapp=\count266
)
(C:\Users\‰∫éÁÅèÊñá1\AppData\Local\Programs\MiKTeX\tex/latex/amsfonts\amsfonts.
sty
Package: amsfonts 2013/01/14 v3.01 Basic AMSFonts support
\@emptytoks=\toks25
\symAMSa=\mathgroup4
\symAMSb=\mathgroup5
LaTeX Font Info:    Redeclaring math symbol \hbar on input line 98.
LaTeX Font Info:    Overwriting math alphabet `\mathfrak' in version `bold'
(Font)                  U/euf/m/n --> U/euf/b/n on input line 106.
)
(C:\Users\‰∫éÁÅèÊñá1\AppData\Local\Programs\MiKTeX\tex/latex/amsmath\amsmath.st
y
Package: amsmath 2023/05/13 v2.17o AMS math features
\@mathmargin=\skip68

For additional information on amsmath, use the `?' option.

(C:\Users\‰∫éÁÅèÊñá1\AppData\Local\Programs\MiKTeX\tex/latex/amsmath\amstext.st
y
Package: amstext 2021/08/26 v2.01 AMS text

(C:\Users\‰∫éÁÅèÊñá1\AppData\Local\Programs\MiKTeX\tex/latex/amsmath\amsgen.sty
File: amsgen.sty 1999/11/30 v2.0 generic functions
\@emptytoks=\toks26
\ex@=\dimen150
))
(C:\Users\‰∫éÁÅèÊñá1\AppData\Local\Programs\MiKTeX\tex/latex/amsmath\amsbsy.sty
Package: amsbsy 1999/11/29 v1.2d Bold Symbols
\pmbraise@=\dimen151
)
(C:\Users\‰∫éÁÅèÊñá1\AppData\Local\Programs\MiKTeX\tex/latex/amsmath\amsopn.sty
Package: amsopn 2022/04/08 v2.04 operator names
)
\inf@bad=\count267
LaTeX Info: Redefining \frac on input line 234.
\uproot@=\count268
\leftroot@=\count269
LaTeX Info: Redefining \overline on input line 399.
LaTeX Info: Redefining \colon on input line 410.
\classnum@=\count270
\DOTSCASE@=\count271
LaTeX Info: Redefining \ldots on input line 496.
LaTeX Info: Redefining \dots on input line 499.
LaTeX Info: Redefining \cdots on input line 620.
\Mathstrutbox@=\box53
\strutbox@=\box54
LaTeX Info: Redefining \big on input line 722.
LaTeX Info: Redefining \Big on input line 723.
LaTeX Info: Redefining \bigg on input line 724.
LaTeX Info: Redefining \Bigg on input line 725.
\big@size=\dimen152
LaTeX Font Info:    Redeclaring font encoding OML on input line 743.
LaTeX Font Info:    Redeclaring font encoding OMS on input line 744.
\macc@depth=\count272
LaTeX Info: Redefining \bmod on input line 905.
LaTeX Info: Redefining \pmod on input line 910.
LaTeX Info: Redefining \smash on input line 940.
LaTeX Info: Redefining \relbar on input line 970.
LaTeX Info: Redefining \Relbar on input line 971.
\c@MaxMatrixCols=\count273
\dotsspace@=\muskip16
\c@parentequation=\count274
\dspbrk@lvl=\count275
\tag@help=\toks27
\row@=\count276
\column@=\count277
\maxfields@=\count278
\andhelp@=\toks28
\eqnshift@=\dimen153
\alignsep@=\dimen154
\tagshift@=\dimen155
\tagwidth@=\dimen156
\totwidth@=\dimen157
\lineht@=\dimen158
\@envbody=\toks29
\multlinegap=\skip69
\multlinetaggap=\skip70
\mathdisplay@stack=\toks30
LaTeX Info: Redefining \[ on input line 2953.
LaTeX Info: Redefining \] on input line 2954.
)
(C:\Users\‰∫éÁÅèÊñá1\AppData\Local\Programs\MiKTeX\tex/latex/amsfonts\amssymb.s
ty
Package: amssymb 2013/01/14 v3.01 AMS font symbols
)
\c@Theorem=\count279

(C:\Users\‰∫éÁÅèÊñá1\AppData\Local\Programs\MiKTeX\tex/latex/titlesec\titlesec.
sty
Package: titlesec 2025/01/04 v2.17 Sectioning titles
\ttl@box=\box55
\beforetitleunit=\skip71
\aftertitleunit=\skip72
\ttl@plus=\dimen159
\ttl@minus=\dimen160
\ttl@toksa=\toks31
\titlewidth=\dimen161
\titlewidthlast=\dimen162
\titlewidthfirst=\dimen163
)
(C:\Users\‰∫éÁÅèÊñá1\AppData\Local\Programs\MiKTeX\tex/latex/titlesec\titletoc.
sty
Package: titletoc 2025/01/04 v2.17 TOC entries
\ttl@leftsep=\dimen164
)
(C:\Users\‰∫éÁÅèÊñá1\AppData\Local\Programs\MiKTeX\tex/latex/caption\caption.st
y
Package: caption 2023/08/05 v3.6o Customizing captions (AR)

(C:\Users\‰∫éÁÅèÊñá1\AppData\Local\Programs\MiKTeX\tex/latex/caption\caption3.s
ty
Package: caption3 2023/07/31 v2.4d caption3 kernel (AR)
\caption@tempdima=\dimen165
\captionmargin=\dimen166
\caption@leftmargin=\dimen167
\caption@rightmargin=\dimen168
\caption@width=\dimen169
\caption@indent=\dimen170
\caption@parindent=\dimen171
\caption@hangindent=\dimen172
Package caption Info: Standard document class detected.
)
\c@caption@flags=\count280
\c@continuedfloat=\count281
)
(C:\Users\‰∫éÁÅèÊñá1\AppData\Local\Programs\MiKTeX\tex/latex/tools\longtable.st
y
Package: longtable 2023-11-01 v4.19 Multi-page Table package (DPC)
\LTleft=\skip73
\LTright=\skip74
\LTpre=\skip75
\LTpost=\skip76
\LTchunksize=\count282
\LTcapwidth=\dimen173
\LT@head=\box56
\LT@firsthead=\box57
\LT@foot=\box58
\LT@lastfoot=\box59
\LT@gbox=\box60
\LT@cols=\count283
\LT@rows=\count284
\c@LT@tables=\count285
\c@LT@chunks=\count286
\LT@p@ftn=\toks32
)
(C:\Users\‰∫éÁÅèÊñá1\AppData\Local\Programs\MiKTeX\tex/latex/multirow\multirow.
sty
Package: multirow 2024/11/12 v2.9 Span multiple rows of a table
\multirow@colwidth=\skip77
\multirow@cntb=\count287
\multirow@dima=\skip78
\bigstrutjot=\dimen174
)
(C:\Users\‰∫éÁÅèÊñá1\AppData\Local\Programs\MiKTeX\tex/latex/tools\array.sty
Package: array 2023/10/16 v2.5g Tabular extension package (FMi)
\col@sep=\dimen175
\ar@mcellbox=\box61
\extrarowheight=\dimen176
\NC@list=\toks33
\extratabsurround=\skip79
\backup@length=\skip80
\ar@cellbox=\box62
)
(C:\Users\‰∫éÁÅèÊñá1\AppData\Local\Programs\MiKTeX\tex/latex/booktabs\booktabs.
sty
Package: booktabs 2020/01/12 v1.61803398 Publication quality tables
\heavyrulewidth=\dimen177
\lightrulewidth=\dimen178
\cmidrulewidth=\dimen179
\belowrulesep=\dimen180
\belowbottomsep=\dimen181
\aboverulesep=\dimen182
\abovetopsep=\dimen183
\cmidrulesep=\dimen184
\cmidrulekern=\dimen185
\defaultaddspace=\dimen186
\@cmidla=\count288
\@cmidlb=\count289
\@aboverulesep=\dimen187
\@belowrulesep=\dimen188
\@thisruleclass=\count290
\@lastruleclass=\count291
\@thisrulewidth=\dimen189
)
(C:\Users\‰∫éÁÅèÊñá1\AppData\Local\Programs\MiKTeX\tex/latex/base\fontenc.sty
Package: fontenc 2021/04/29 v2.0v Standard LaTeX package
)
(C:\Users\‰∫éÁÅèÊñá1\AppData\Local\Programs\MiKTeX\tex/latex/url\url.sty
\Urlmuskip=\muskip17
Package: url 2013/09/16  ver 3.4  Verb mode for urls, etc.
)
(C:\Users\‰∫éÁÅèÊñá1\AppData\Local\Programs\MiKTeX\tex/latex/graphics\graphicx.
sty
Package: graphicx 2021/09/16 v1.2d Enhanced LaTeX Graphics (DPC,SPQR)

(C:\Users\‰∫éÁÅèÊñá1\AppData\Local\Programs\MiKTeX\tex/latex/graphics\graphics.
sty
Package: graphics 2022/03/10 v1.4e Standard LaTeX Graphics (DPC,SPQR)

(C:\Users\‰∫éÁÅèÊñá1\AppData\Local\Programs\MiKTeX\tex/latex/graphics\trig.sty
Package: trig 2021/08/11 v1.11 sin cos tan (DPC)
)
(C:\Users\‰∫éÁÅèÊñá1\AppData\Local\Programs\MiKTeX\tex/latex/graphics-cfg\graph
ics.cfg
File: graphics.cfg 2016/06/04 v1.11 sample graphics configuration
)
Package graphics Info: Driver file: pdftex.def on input line 107.

(C:\Users\‰∫éÁÅèÊñá1\AppData\Local\Programs\MiKTeX\tex/latex/graphics-def\pdfte
x.def
File: pdftex.def 2022/09/22 v1.2b Graphics/color driver for pdftex
))
\Gin@req@height=\dimen190
\Gin@req@width=\dimen191
)
(C:\Users\‰∫éÁÅèÊñá1\AppData\Local\Programs\MiKTeX\tex/latex/caption\subcaption
.sty
Package: subcaption 2023/07/28 v1.6b Sub-captions (AR)
Package caption Info: New subtype `subfigure' on input line 238.
\c@subfigure=\count292
Package caption Info: New subtype `subtable' on input line 238.
\c@subtable=\count293
)
(C:\Users\‰∫éÁÅèÊñá1\AppData\Local\Programs\MiKTeX\tex/latex/base\flafter.sty
Package: flafter 2021/07/31 v1.4e Standard LaTeX floats after reference (FMi)
Applying: [2015/01/01] float order in 2-column on input line 49.
Already applied: [0000/00/00] float order in 2-column on input line 151.
)
(C:\Users\‰∫éÁÅèÊñá1\AppData\Local\Programs\MiKTeX\tex/generic/iftex\ifpdf.sty
Package: ifpdf 2019/10/25 v3.4 ifpdf legacy package. Use iftex instead.
)
(C:\Users\‰∫éÁÅèÊñá1\AppData\Local\Programs\MiKTeX\tex/latex/epstopdf-pkg\epsto
pdf.sty
Package: epstopdf 2020-01-24 v2.11 Conversion with epstopdf on the fly (HO)

(C:\Users\‰∫éÁÅèÊñá1\AppData\Local\Programs\MiKTeX\tex/generic/infwarerr\infwar
err.sty
Package: infwarerr 2019/12/03 v1.5 Providing info/warning/error messages (HO)
)
(C:\Users\‰∫éÁÅèÊñá1\AppData\Local\Programs\MiKTeX\tex/latex/grfext\grfext.sty
Package: grfext 2019/12/03 v1.3 Manage graphics extensions (HO)

(C:\Users\‰∫éÁÅèÊñá1\AppData\Local\Programs\MiKTeX\tex/generic/kvdefinekeys\kvd
efinekeys.sty
Package: kvdefinekeys 2019-12-19 v1.6 Define keys (HO)
))
(C:\Users\‰∫éÁÅèÊñá1\AppData\Local\Programs\MiKTeX\tex/latex/kvoptions\kvoption
s.sty
Package: kvoptions 2022-06-15 v3.15 Key value format for package options (HO)

(C:\Users\‰∫éÁÅèÊñá1\AppData\Local\Programs\MiKTeX\tex/generic/ltxcmds\ltxcmds.
sty
Package: ltxcmds 2023-12-04 v1.26 LaTeX kernel commands for general use (HO)
)
(C:\Users\‰∫éÁÅèÊñá1\AppData\Local\Programs\MiKTeX\tex/latex/kvsetkeys\kvsetkey
s.sty
Package: kvsetkeys 2022-10-05 v1.19 Key value parser (HO)
))
(C:\Users\‰∫éÁÅèÊñá1\AppData\Local\Programs\MiKTeX\tex/generic/pdftexcmds\pdfte
xcmds.sty
Package: pdftexcmds 2020-06-27 v0.33 Utility functions of pdfTeX for LuaTeX (HO
)
Package pdftexcmds Info: \pdf@primitive is available.
Package pdftexcmds Info: \pdf@ifprimitive is available.
Package pdftexcmds Info: \pdfdraftmode found.
)
(C:\Users\‰∫éÁÅèÊñá1\AppData\Local\Programs\MiKTeX\tex/latex/epstopdf-pkg\epsto
pdf-base.sty
Package: epstopdf-base 2020-01-24 v2.11 Base part for package epstopdf
Package epstopdf-base Info: Redefining graphics rule for `.eps' on input line 4
85.
Package grfext Info: Graphics extension search list:
(grfext)             [.pdf,.png,.jpg,.mps,.jpeg,.jbig2,.jb2,.PDF,.PNG,.JPG,.JPE
G,.JBIG2,.JB2,.eps]
(grfext)             \AppendGraphicsExtensions on input line 504.

(C:\Users\‰∫éÁÅèÊñá1\AppData\Local\Programs\MiKTeX\tex/latex/00miktex\epstopdf-
sys.cfg
File: epstopdf-sys.cfg 2021/03/18 v2.0 Configuration of epstopdf for MiKTeX
)))
(C:\Users\‰∫éÁÅèÊñá1\AppData\Local\Programs\MiKTeX\tex/latex/hyperref\hyperref.
sty
Package: hyperref 2023-11-26 v7.01g Hypertext links for LaTeX

(C:\Users\‰∫éÁÅèÊñá1\AppData\Local\Programs\MiKTeX\tex/generic/pdfescape\pdfesc
ape.sty
Package: pdfescape 2019/12/09 v1.15 Implements pdfTeX's escape features (HO)
)
(C:\Users\‰∫éÁÅèÊñá1\AppData\Local\Programs\MiKTeX\tex/latex/hycolor\hycolor.st
y
Package: hycolor 2020-01-27 v1.10 Color options for hyperref/bookmark (HO)
)
(C:\Users\‰∫éÁÅèÊñá1\AppData\Local\Programs\MiKTeX\tex/latex/letltxmacro\letltx
macro.sty
Package: letltxmacro 2019/12/03 v1.6 Let assignment for LaTeX macros (HO)
)
(C:\Users\‰∫éÁÅèÊñá1\AppData\Local\Programs\MiKTeX\tex/latex/auxhook\auxhook.st
y
Package: auxhook 2019-12-17 v1.6 Hooks for auxiliary files (HO)
)
(C:\Users\‰∫éÁÅèÊñá1\AppData\Local\Programs\MiKTeX\tex/latex/hyperref\nameref.s
ty
Package: nameref 2023-11-26 v2.56 Cross-referencing by name of section

(C:\Users\‰∫éÁÅèÊñá1\AppData\Local\Programs\MiKTeX\tex/latex/refcount\refcount.
sty
Package: refcount 2019/12/15 v3.6 Data extraction from label references (HO)
)
(C:\Users\‰∫éÁÅèÊñá1\AppData\Local\Programs\MiKTeX\tex/generic/gettitlestring\g
ettitlestring.sty
Package: gettitlestring 2019/12/15 v1.6 Cleanup title references (HO)
)
\c@section@level=\count294
)
(C:\Users\‰∫éÁÅèÊñá1\AppData\Local\Programs\MiKTeX\tex/latex/etoolbox\etoolbox.
sty
Package: etoolbox 2020/10/05 v2.5k e-TeX tools for LaTeX (JAW)
\etb@tempcnta=\count295
)
\@linkdim=\dimen192
\Hy@linkcounter=\count296
\Hy@pagecounter=\count297

(C:\Users\‰∫éÁÅèÊñá1\AppData\Local\Programs\MiKTeX\tex/latex/hyperref\pd1enc.de
f
File: pd1enc.def 2023-11-26 v7.01g Hyperref: PDFDocEncoding definition (HO)
Now handling font encoding PD1 ...
... no UTF-8 mapping file for font encoding PD1
)
(C:\Users\‰∫éÁÅèÊñá1\AppData\Local\Programs\MiKTeX\tex/generic/intcalc\intcalc.
sty
Package: intcalc 2019/12/15 v1.3 Expandable calculations with integers (HO)
)
\Hy@SavedSpaceFactor=\count298

(C:\Users\‰∫éÁÅèÊñá1\AppData\Local\Programs\MiKTeX\tex/latex/hyperref\puenc.def
File: puenc.def 2023-11-26 v7.01g Hyperref: PDF Unicode definition (HO)
Now handling font encoding PU ...
... no UTF-8 mapping file for font encoding PU
)
Package hyperref Info: Option `colorlinks' set `true' on input line 4064.
Package hyperref Info: Hyper figures OFF on input line 4181.
Package hyperref Info: Link nesting OFF on input line 4186.
Package hyperref Info: Hyper index ON on input line 4189.
Package hyperref Info: Plain pages OFF on input line 4196.
Package hyperref Info: Backreferencing OFF on input line 4201.
Package hyperref Info: Implicit mode ON; LaTeX internals redefined.
Package hyperref Info: Bookmarks ON on input line 4448.
\c@Hy@tempcnt=\count299
LaTeX Info: Redefining \url on input line 4786.
\XeTeXLinkMargin=\dimen193

(C:\Users\‰∫éÁÅèÊñá1\AppData\Local\Programs\MiKTeX\tex/generic/bitset\bitset.st
y
Package: bitset 2019/12/09 v1.3 Handle bit-vector datatype (HO)

(C:\Users\‰∫éÁÅèÊñá1\AppData\Local\Programs\MiKTeX\tex/generic/bigintcalc\bigin
tcalc.sty
Package: bigintcalc 2019/12/15 v1.5 Expandable calculations on big integers (HO
)
))
\Fld@menulength=\count300
\Field@Width=\dimen194
\Fld@charsize=\dimen195
Package hyperref Info: Hyper figures OFF on input line 6065.
Package hyperref Info: Link nesting OFF on input line 6070.
Package hyperref Info: Hyper index ON on input line 6073.
Package hyperref Info: backreferencing OFF on input line 6080.
Package hyperref Info: Link coloring ON on input line 6083.
Package hyperref Info: Link coloring with OCG OFF on input line 6090.
Package hyperref Info: PDF/A mode OFF on input line 6095.

(C:\Users\‰∫éÁÅèÊñá1\AppData\Local\Programs\MiKTeX\tex/latex/base\atbegshi-ltx.
sty
Package: atbegshi-ltx 2021/01/10 v1.0c Emulation of the original atbegshi
package with kernel methods
)
\Hy@abspage=\count301
\c@Item=\count302
\c@Hfootnote=\count303
)
Package hyperref Info: Driver (autodetected): hpdftex.

(C:\Users\‰∫éÁÅèÊñá1\AppData\Local\Programs\MiKTeX\tex/latex/hyperref\hpdftex.d
ef
File: hpdftex.def 2023-11-26 v7.01g Hyperref driver for pdfTeX

(C:\Users\‰∫éÁÅèÊñá1\AppData\Local\Programs\MiKTeX\tex/latex/base\atveryend-ltx
.sty
Package: atveryend-ltx 2020/08/19 v1.0a Emulation of the original atveryend pac
kage
with kernel methods
)
\Fld@listcount=\count304
\c@bookmark@seq@number=\count305

(C:\Users\‰∫éÁÅèÊñá1\AppData\Local\Programs\MiKTeX\tex/latex/rerunfilecheck\rer
unfilecheck.sty
Package: rerunfilecheck 2022-07-10 v1.10 Rerun checks for auxiliary files (HO)

(C:\Users\‰∫éÁÅèÊñá1\AppData\Local\Programs\MiKTeX\tex/generic/uniquecounter\un
iquecounter.sty
Package: uniquecounter 2019/12/15 v1.4 Provide unlimited unique counter (HO)
)
Package uniquecounter Info: New unique counter `rerunfilecheck' on input line 2
85.
)
\Hy@SectionHShift=\skip81
)
\c@prefix=\count306

(C:\Users\‰∫éÁÅèÊñá1\AppData\Local\Programs\MiKTeX\tex/latex/listings\listings.
sty
\lst@mode=\count307
\lst@gtempboxa=\box63
\lst@token=\toks34
\lst@length=\count308
\lst@currlwidth=\dimen196
\lst@column=\count309
\lst@pos=\count310
\lst@lostspace=\dimen197
\lst@width=\dimen198
\lst@newlines=\count311
\lst@lineno=\count312
\lst@maxwidth=\dimen199

(C:\Users\‰∫éÁÅèÊñá1\AppData\Local\Programs\MiKTeX\tex/latex/listings\lstmisc.s
ty
File: lstmisc.sty 2023/02/27 1.9 (Carsten Heinz)
\c@lstnumber=\count313
\lst@skipnumbers=\count314
\lst@framebox=\box64
)
(C:\Users\‰∫éÁÅèÊñá1\AppData\Local\Programs\MiKTeX\tex/latex/listings\listings.
cfg
File: listings.cfg 2023/02/27 1.9 listings configuration
))
Package: listings 2023/02/27 1.9 (Carsten Heinz)
\@abstract=\box65
)
(C:\Users\‰∫éÁÅèÊñá1\AppData\Local\Programs\MiKTeX\tex/latex/psnfss\mathptmx.st
y
Package: mathptmx 2020/03/25 PSNFSS-v9.3 Times w/ Math, improved (SPQR, WaS) 
LaTeX Font Info:    Redeclaring symbol font `operators' on input line 28.
LaTeX Font Info:    Overwriting symbol font `operators' in version `normal'
(Font)                  OT1/cmr/m/n --> OT1/ztmcm/m/n on input line 28.
LaTeX Font Info:    Overwriting symbol font `operators' in version `bold'
(Font)                  OT1/cmr/bx/n --> OT1/ztmcm/m/n on input line 28.
LaTeX Font Info:    Redeclaring symbol font `letters' on input line 29.
LaTeX Font Info:    Overwriting symbol font `letters' in version `normal'
(Font)                  OML/cmm/m/it --> OML/ztmcm/m/it on input line 29.
LaTeX Font Info:    Overwriting symbol font `letters' in version `bold'
(Font)                  OML/cmm/b/it --> OML/ztmcm/m/it on input line 29.
LaTeX Font Info:    Redeclaring symbol font `symbols' on input line 30.
LaTeX Font Info:    Overwriting symbol font `symbols' in version `normal'
(Font)                  OMS/cmsy/m/n --> OMS/ztmcm/m/n on input line 30.
LaTeX Font Info:    Overwriting symbol font `symbols' in version `bold'
(Font)                  OMS/cmsy/b/n --> OMS/ztmcm/m/n on input line 30.
LaTeX Font Info:    Redeclaring symbol font `largesymbols' on input line 31.
LaTeX Font Info:    Overwriting symbol font `largesymbols' in version `normal'
(Font)                  OMX/cmex/m/n --> OMX/ztmcm/m/n on input line 31.
LaTeX Font Info:    Overwriting symbol font `largesymbols' in version `bold'
(Font)                  OMX/cmex/m/n --> OMX/ztmcm/m/n on input line 31.
\symbold=\mathgroup6
\symitalic=\mathgroup7
LaTeX Font Info:    Redeclaring math alphabet \mathbf on input line 34.
LaTeX Font Info:    Overwriting math alphabet `\mathbf' in version `normal'
(Font)                  OT1/cmr/bx/n --> OT1/ptm/bx/n on input line 34.
LaTeX Font Info:    Overwriting math alphabet `\mathbf' in version `bold'
(Font)                  OT1/cmr/bx/n --> OT1/ptm/bx/n on input line 34.
LaTeX Font Info:    Redeclaring math alphabet \mathit on input line 35.
LaTeX Font Info:    Overwriting math alphabet `\mathit' in version `normal'
(Font)                  OT1/cmr/m/it --> OT1/ptm/m/it on input line 35.
LaTeX Font Info:    Overwriting math alphabet `\mathit' in version `bold'
(Font)                  OT1/cmr/bx/it --> OT1/ptm/m/it on input line 35.
LaTeX Info: Redefining \hbar on input line 50.
)
(C:\Users\‰∫éÁÅèÊñá1\AppData\Local\Programs\MiKTeX\tex/latex/tabularray\tabular
ray.sty
(C:\Users\‰∫éÁÅèÊñá1\AppData\Local\Programs\MiKTeX\tex/latex/l3kernel\expl3.sty
Package: expl3 2024-01-04 L3 programming layer (loader) 

(C:\Users\‰∫éÁÅèÊñá1\AppData\Local\Programs\MiKTeX\tex/latex/l3backend\l3backen
d-pdftex.def
File: l3backend-pdftex.def 2024-01-04 L3 backend support: PDF output (pdfTeX)
\l__color_backend_stack_int=\count315
\l__pdf_internal_box=\box66
))
Package: tabularray 2024-02-16 v2024A Typeset tabulars and arrays with LaTeX3
\l__tblr_a_int=\count316
\l__tblr_c_int=\count317
\l__tblr_r_int=\count318
\l__tblr_d_dim=\dimen256
\l__tblr_h_dim=\dimen257
\l__tblr_o_dim=\dimen258
\l__tblr_p_dim=\dimen259
\l__tblr_q_dim=\dimen260
\l__tblr_r_dim=\dimen261
\l__tblr_s_dim=\dimen262
\l__tblr_t_dim=\dimen263
\l__tblr_v_dim=\dimen264
\l__tblr_w_dim=\dimen265
\l__tblr_a_box=\box67
\l__tblr_b_box=\box68
\l__tblr_c_box=\box69
\l__tblr_d_box=\box70
\g__tblr_table_count_int=\count319
\c@rownum=\count320
\c@colnum=\count321
\c@rowcount=\count322
\c@colcount=\count323
\abovesep=\dimen266
\belowsep=\dimen267
\leftsep=\dimen268
\rightsep=\dimen269
\g_tblr_level_int=\count324
\g__tblr_data_row_key_count_int=\count325
\g__tblr_data_column_key_count_int=\count326
\g__tblr_data_cell_key_count_int=\count327
\g__tblr_array_int=\count328
\l__tblr_key_count_int=\count329
\l__tblr_key_quotient_int=\count330
\l__tblr_key_quotient_two_int=\count331
\l__tblr_key_remainder_int=\count332
\g__tblr_data_str_value_count_int=\count333
\rulewidth=\dimen270
\l__tblr_strut_dp_dim=\dimen271
\l__tblr_strut_ht_dim=\dimen272
\g__tblr_cell_wd_dim=\dimen273
\g__tblr_cell_ht_dim=\dimen274
\g__tblr_cell_head_dim=\dimen275
\g__tblr_cell_foot_dim=\dimen276
\l__column_target_dim=\dimen277
\l__tblr_caption_box=\box71
\l__tblr_caption_left_box=\box72
\l__tblr_row_head_box=\box73
\l__tblr_row_foot_box=\box74
\l__tblr_row_head_foot_dim=\dimen278
\tablewidth=\dimen279
\l__tblr_table_firsthead_box=\box75
\l__tblr_table_middlehead_box=\box76
\l__tblr_table_lasthead_box=\box77
\l__tblr_table_firstfoot_box=\box78
\l__tblr_table_middlefoot_box=\box79
\l__tblr_table_lastfoot_box=\box80
\l__tblr_remain_height_dim=\dimen280
\l__tblr_long_from_int=\count334
\l__tblr_long_to_int=\count335
\l__tblr_curr_i_int=\count336
\l__tblr_prev_i_int=\count337
\l__tblr_table_page_int=\count338
\l__tblr_table_head_box=\box81
\l__tblr_table_foot_box=\box82
\l__tblr_table_head_foot_dim=\dimen281
\l__tblr_table_head_body_foot_dim=\dimen282
\l__tblr_table_box=\box83
\l__tblr_table_hlines_box=\box84
\l__tblr_hline_box=\box85
\l__tblr_row_box=\box86
\l__tblr_col_o_wd_dim=\dimen283
\l__tblr_col_b_wd_dim=\dimen284
\l__tblr_hline_leftskip_dim=\dimen285
\l__tblr_hline_rightskip_dim=\dimen286
\l__tblr_row_ht_dim=\dimen287
\l__tblr_row_dp_dim=\dimen288
\l__tblr_row_abovesep_dim=\dimen289
\l__tblr_row_belowsep_dim=\dimen290
\l__tblr_row_vlines_box=\box87
\l__tblr_vline_box=\box88
\l__tblr_cell_box=\box89
\l__row_upper_dim=\dimen291
\l__row_lower_dim=\dimen292
\l__row_vpace_dim=\dimen293
\l__tblr_vline_aboveskip_dim=\dimen294
\l__tblr_vline_belowskip_dim=\dimen295
\l__tblr_cell_wd_dim=\dimen296
\l__tblr_cell_ht_dim=\dimen297
\l__tblr_diag_box=\box90
)
(C:\Users\‰∫éÁÅèÊñá1\AppData\Local\Programs\MiKTeX\tex/latex/threeparttable\thr
eeparttable.sty
Package: threeparttable 2003/06/13  v 3.0
\@tempboxb=\box91
)
\c@keywords=\count339
LaTeX Font Info:    Trying to load font information for T1+ptm on input line 37
.

(C:\Users\‰∫éÁÅèÊñá1\AppData\Local\Programs\MiKTeX\tex/latex/psnfss\t1ptm.fd
File: t1ptm.fd 2001/06/04 font definitions for T1/ptm.
)
(PAPER.aux

LaTeX Warning: Label `fig:result' multiply defined.


LaTeX Warning: Label `fig:result' multiply defined.

)
\openout1 = `PAPER.aux'.

LaTeX Font Info:    Checking defaults for OML/cmm/m/it on input line 37.
LaTeX Font Info:    ... okay on input line 37.
LaTeX Font Info:    Checking defaults for OMS/cmsy/m/n on input line 37.
LaTeX Font Info:    ... okay on input line 37.
LaTeX Font Info:    Checking defaults for OT1/cmr/m/n on input line 37.
LaTeX Font Info:    ... okay on input line 37.
LaTeX Font Info:    Checking defaults for T1/cmr/m/n on input line 37.
LaTeX Font Info:    ... okay on input line 37.
LaTeX Font Info:    Checking defaults for TS1/cmr/m/n on input line 37.
LaTeX Font Info:    ... okay on input line 37.
LaTeX Font Info:    Checking defaults for OMX/cmex/m/n on input line 37.
LaTeX Font Info:    ... okay on input line 37.
LaTeX Font Info:    Checking defaults for U/cmr/m/n on input line 37.
LaTeX Font Info:    ... okay on input line 37.
LaTeX Font Info:    Checking defaults for PD1/pdf/m/n on input line 37.
LaTeX Font Info:    ... okay on input line 37.
LaTeX Font Info:    Checking defaults for PU/pdf/m/n on input line 37.
LaTeX Font Info:    ... okay on input line 37.

*geometry* driver: auto-detecting
*geometry* detected driver: pdftex
*geometry* verbose mode - [ preamble ] result:
* driver: pdftex
* paper: letterpaper
* layout: <same size as paper>
* layoutoffset:(h,v)=(0.0pt,0.0pt)
* modes: 
* h-part:(L,W,R)=(71.13188pt, 472.03123pt, 71.13188pt)
* v-part:(T,H,B)=(71.13188pt, 681.15898pt, 42.67912pt)
* \paperwidth=614.295pt
* \paperheight=794.96999pt
* \textwidth=472.03123pt
* \textheight=681.15898pt
* \oddsidemargin=-1.1381pt
* \evensidemargin=-1.1381pt
* \topmargin=-38.1381pt
* \headheight=15.0pt
* \headsep=25.0pt
* \topskip=12.0pt
* \footskip=30.0pt
* \marginparwidth=44.0pt
* \marginparsep=10.0pt
* \columnsep=10.0pt
* \skip\footins=10.8pt plus 4.0pt minus 2.0pt
* \hoffset=0.0pt
* \voffset=0.0pt
* \mag=1000
* \@twocolumnfalse
* \@twosidefalse
* \@mparswitchfalse
* \@reversemarginfalse
* (1in=72.27pt=25.4mm, 1cm=28.453pt)

Package caption Info: Begin \AtBeginDocument code.
Package caption Info: hyperref package is loaded.
Package caption Info: listings package is loaded.
Package caption Info: longtable package is loaded.

(C:\Users\‰∫éÁÅèÊñá1\AppData\Local\Programs\MiKTeX\tex/latex/caption\ltcaption.
sty
Package: ltcaption 2021/01/08 v1.4c longtable captions (AR)
)
Package caption Info: threeparttable package is loaded.
Package caption Info: End \AtBeginDocument code.

(C:\Users\‰∫éÁÅèÊñá1\AppData\Local\Programs\MiKTeX\tex/context/base/mkii\supp-p
df.mkii
[Loading MPS to PDF converter (version 2006.09.02).]
\scratchcounter=\count340
\scratchdimen=\dimen298
\scratchbox=\box92
\nofMPsegments=\count341
\nofMParguments=\count342
\everyMPshowfont=\toks35
\MPscratchCnt=\count343
\MPscratchDim=\dimen299
\MPnumerator=\count344
\makeMPintoPDFobject=\count345
\everyMPtoPDFconversion=\toks36
)
(C:\Users\‰∫éÁÅèÊñá1\AppData\Local\Programs\MiKTeX\tex/latex/graphics\color.sty
Package: color 2022/01/06 v1.3d Standard LaTeX Color (DPC)

(C:\Users\‰∫éÁÅèÊñá1\AppData\Local\Programs\MiKTeX\tex/latex/graphics-cfg\color
.cfg
File: color.cfg 2016/01/02 v1.6 sample color configuration
)
Package color Info: Driver file: pdftex.def on input line 149.

(C:\Users\‰∫éÁÅèÊñá1\AppData\Local\Programs\MiKTeX\tex/latex/graphics\mathcolor
.ltx))
Package hyperref Info: Link coloring ON on input line 37.
 (PAPER.out) (PAPER.out)
\@outlinefile=\write4
\openout4 = `PAPER.out'.

\c@lstlisting=\count346
LaTeX Font Info:    Trying to load font information for OT1+ztmcm on input line
 49.

(C:\Users\‰∫éÁÅèÊñá1\AppData\Local\Programs\MiKTeX\tex/latex/psnfss\ot1ztmcm.fd
File: ot1ztmcm.fd 2000/01/03 Fontinst v1.801 font definitions for OT1/ztmcm.
)
LaTeX Font Info:    Trying to load font information for OML+ztmcm on input line
 49.

(C:\Users\‰∫éÁÅèÊñá1\AppData\Local\Programs\MiKTeX\tex/latex/psnfss\omlztmcm.fd
File: omlztmcm.fd 2000/01/03 Fontinst v1.801 font definitions for OML/ztmcm.
)
LaTeX Font Info:    Trying to load font information for OMS+ztmcm on input line
 49.

(C:\Users\‰∫éÁÅèÊñá1\AppData\Local\Programs\MiKTeX\tex/latex/psnfss\omsztmcm.fd
File: omsztmcm.fd 2000/01/03 Fontinst v1.801 font definitions for OMS/ztmcm.
)
LaTeX Font Info:    Trying to load font information for OMX+ztmcm on input line
 49.

(C:\Users\‰∫éÁÅèÊñá1\AppData\Local\Programs\MiKTeX\tex/latex/psnfss\omxztmcm.fd
File: omxztmcm.fd 2000/01/03 Fontinst v1.801 font definitions for OMX/ztmcm.
)
LaTeX Font Info:    Trying to load font information for OT1+ptm on input line 4
9.
 (C:\Users\‰∫éÁÅèÊñá1\AppData\Local\Programs\MiKTeX\tex/latex/psnfss\ot1ptm.fd
File: ot1ptm.fd 2001/06/04 font definitions for OT1/ptm.
)
LaTeX Font Info:    Font shape `OT1/ptm/bx/n' in size <12> not available
(Font)              Font shape `OT1/ptm/b/n' tried instead on input line 49.
LaTeX Font Info:    Font shape `OT1/ptm/bx/n' in size <9> not available
(Font)              Font shape `OT1/ptm/b/n' tried instead on input line 49.
LaTeX Font Info:    Font shape `OT1/ptm/bx/n' in size <7> not available
(Font)              Font shape `OT1/ptm/b/n' tried instead on input line 49.
 [1

{C:/Users/‰∫éÁÅèÊñá1/AppData/Local/MiKTeX/fonts/map/pdftex/pdftex.map}{C:/Users
/‰∫éÁÅèÊñá1/AppData/Local/Programs/MiKTeX/fonts/enc/dvips/base/8r.enc}]
(PAPER.toc)
\tf@toc=\write5
\openout5 = `PAPER.toc'.

 [2]
LaTeX Font Info:    Trying to load font information for TS1+ptm on input line 8
6.

(C:\Users\‰∫éÁÅèÊñá1\AppData\Local\Programs\MiKTeX\tex/latex/psnfss\ts1ptm.fd
File: ts1ptm.fd 2001/06/04 font definitions for TS1/ptm.
)
<./img/Level.png, id=148, 669.2503pt x 467.12016pt>
File: ./img/Level.png Graphic file (type png)
<use ./img/Level.png>
Package pdftex.def Info: ./img/Level.png  used on input line 106.
(pdftex.def)             Requested size: 472.03123pt x 329.47656pt.
<./img/water.png, id=149, 390.45876pt x 281.05pt>
File: ./img/water.png Graphic file (type png)
<use ./img/water.png>
Package pdftex.def Info: ./img/water.png  used on input line 117.
(pdftex.def)             Requested size: 377.62642pt x 271.82478pt.

[3

] [4 <./img/Level.png (PNG copy)> <./img/water.png>] [5]
> Step: init table outer spec.
> Step: parse table options.
> Step: split table.
> Step: init table inner spec.
> Step: parse table inner spec.
> Step: execute table commands.
> Step: calculate cell and line sizes.


Package tabularray Warning: Table width is too small, need 49.23586pt more!

> Step: build the whole table.

Overfull \hbox (49.23586pt too wide) detected at line 204
 [] 
 []

File: ./img/water.png Graphic file (type png)
<use ./img/water.png>
Package pdftex.def Info: ./img/water.png  used on input line 213.
(pdftex.def)             Requested size: 377.62642pt x 271.82478pt.
[6] [7]

LaTeX Warning: Reference `tb:longtable' on page 8 undefined on input line 219.

File: ./img/water.png Graphic file (type png)
<use ./img/water.png>
Package pdftex.def Info: ./img/water.png  used on input line 238.
(pdftex.def)             Requested size: 188.8096pt x 135.90167pt.
File: ./img/water.png Graphic file (type png)
<use ./img/water.png>
Package pdftex.def Info: ./img/water.png  used on input line 242.
(pdftex.def)             Requested size: 188.8096pt x 135.90167pt.
[8

]
LaTeX Font Info:    Trying to load font information for T1+txtt on input line 2
94.

(C:\Users\‰∫éÁÅèÊñá1\AppData\Local\Programs\MiKTeX\tex/latex/txfonts\t1txtt.fd
File: t1txtt.fd 2000/12/15 v3.1
) [9

]
LaTeX Font Info:    Font shape `OT1/ptm/bx/n' in size <17.28> not available
(Font)              Font shape `OT1/ptm/b/n' tried instead on input line 302.
LaTeX Font Info:    Font shape `OT1/ptm/bx/n' in size <10> not available
(Font)              Font shape `OT1/ptm/b/n' tried instead on input line 302.

(C:\Users\‰∫éÁÅèÊñá1\AppData\Local\Programs\MiKTeX\tex/latex/listings\lstlang1.
sty
File: lstlang1.sty 2023/02/27 1.9 listings language file
)
LaTeX Font Info:    Font shape `T1/txtt/b/n' in size <10.95> not available
(Font)              Font shape `T1/txtt/bx/n' tried instead on input line 319.
LaTeX Font Info:    Font shape `T1/txtt/m/it' in size <10.95> not available
(Font)              Font shape `T1/txtt/m/sl' tried instead on input line 320.

(C:\Users\‰∫éÁÅèÊñá1\AppData\Local\Programs\MiKTeX\tex/latex/listings\lstlang1.
sty
File: lstlang1.sty 2023/02/27 1.9 listings language file
)
(C:\Users\‰∫éÁÅèÊñá1\AppData\Local\Programs\MiKTeX\tex/latex/listings\lstlang1.
sty
File: lstlang1.sty 2023/02/27 1.9 listings language file
)
(C:\Users\‰∫éÁÅèÊñá1\AppData\Local\Programs\MiKTeX\tex/latex/listings\lstlang1.
sty
File: lstlang1.sty 2023/02/27 1.9 listings language file
)
(C:\Users\‰∫éÁÅèÊñá1\AppData\Local\Programs\MiKTeX\tex/latex/listings\lstmisc.s
ty
File: lstmisc.sty 2023/02/27 1.9 (Carsten Heinz)
) 
AED: lastpage setting LastPage
[10

] (PAPER.aux)
 ***********
LaTeX2e <2023-11-01> patch level 1
L3 programming layer <2024-01-04>
 ***********


LaTeX Warning: There were undefined references.


LaTeX Warning: There were multiply-defined labels.

Package rerunfilecheck Info: File `PAPER.out' has not changed.
(rerunfilecheck)             Checksum: 8EA1CA80AF27C97C9EF3D41255A049ED;3160.
 ) 
Here is how much of TeX's memory you used:
 18565 strings out of 474486
 313185 string characters out of 5741395
 1963542 words of memory out of 5000000
 40498 multiletter control sequences out of 15000+600000
 624119 words of font info for 136 fonts, out of 8000000 for 9000
 1141 hyphenation exceptions out of 8191
 85i,15n,102p,570b,1743s stack positions out of 10000i,1000n,20000p,200000b,200000s
<C:/Users/‰∫éÁÅèÊñá1/AppData/Local/Programs/MiKTeX/fonts/type1/public/amsfont
s/cm/cmex10.pfb><C:/Users/‰∫éÁÅèÊñá1/AppData/Local/Programs/MiKTeX/fonts/type1/
public/amsfonts/cm/cmmi10.pfb><C:/Users/‰∫éÁÅèÊñá1/AppData/Local/Programs/MiKTe
X/fonts/type1/public/amsfonts/cm/cmr10.pfb><C:/Users/‰∫éÁÅèÊñá1/AppData/Local/P
rograms/MiKTeX/fonts/type1/public/amsfonts/cm/cmsy10.pfb><C:/Users/‰∫éÁÅèÊñá1/A
ppData/Local/Programs/MiKTeX/fonts/type1/public/txfonts/t1xbtt.pfb><C:/Users/‰∫
éÁÅèÊñá1/AppData/Local/Programs/MiKTeX/fonts/type1/public/txfonts/t1xtt.pfb><C:
/Users/‰∫éÁÅèÊñá1/AppData/Local/Programs/MiKTeX/fonts/type1/public/txfonts/t1xt
t.pfb><C:/Users/‰∫éÁÅèÊñá1/AppData/Local/Programs/MiKTeX/fonts/type1/urw/symbol
/usyr.pfb><C:/Users/‰∫éÁÅèÊñá1/AppData/Local/Programs/MiKTeX/fonts/type1/urw/sy
mbol/usyr.pfb><C:/Users/‰∫éÁÅèÊñá1/AppData/Local/Programs/MiKTeX/fonts/type1/ur
w/times/utmb8a.pfb><C:/Users/‰∫éÁÅèÊñá1/AppData/Local/Programs/MiKTeX/fonts/typ
e1/urw/times/utmr8a.pfb><C:/Users/‰∫éÁÅèÊñá1/AppData/Local/Programs/MiKTeX/font
s/type1/urw/times/utmri8a.pfb>
Output written on PAPER.pdf (10 pages, 291134 bytes).
PDF statistics:
 305 PDF objects out of 1000 (max. 8388607)
 69 named destinations out of 1000 (max. 500000)
 211 words of extra memory for PDF output out of 10000 (max. 10000000)

