\BOOKMARK [1][-]{section.0.1}{\376\377\000I\000n\000t\000r\000o\000d\000u\000c\000t\000i\000o\000n}{}% 1
\BOOKMARK [2][-]{subsection.0.1.1}{\376\377\000P\000r\000o\000b\000l\000e\000m\000\040\000B\000a\000c\000k\000g\000r\000o\000u\000n\000d}{section.0.1}% 2
\BOOKMARK [2][-]{subsection.0.1.2}{\376\377\000R\000e\000s\000t\000a\000t\000e\000m\000e\000n\000t\000\040\000o\000f\000\040\000P\000r\000o\000b\000l\000e\000m}{section.0.1}% 3
\BOOKMARK [2][-]{subsection.0.1.3}{\376\377\000O\000u\000r\000\040\000w\000o\000r\000k}{section.0.1}% 4
\BOOKMARK [1][-]{section.0.2}{\376\377\000A\000s\000s\000u\000m\000p\000t\000i\000o\000n\000s}{}% 5
\BOOKMARK [1][-]{section.0.3}{\376\377\000N\000o\000t\000a\000t\000i\000o\000n\000s}{}% 6
\BOOKMARK [1][-]{section.0.4}{\376\377\000D\000a\000t\000a\000\040\000P\000r\000e\000p\000r\000o\000c\000e\000s\000s\000i\000n\000g}{}% 7
\BOOKMARK [2][-]{subsection.0.4.1}{\376\377\000B\000a\000s\000i\000c\000\040\000D\000a\000t\000a\000\040\000P\000r\000e\000p\000r\000o\000c\000e\000s\000s\000i\000n\000g}{section.0.4}% 8
\BOOKMARK [2][-]{subsection.0.4.2}{\376\377\000D\000a\000t\000a\000\040\000M\000i\000n\000i\000n\000g}{section.0.4}% 9
\BOOKMARK [1][-]{section.0.5}{\376\377\000T\000a\000s\000k\0001\000:}{}% 10
\BOOKMARK [2][-]{subsection.0.5.1}{\376\377\000D\000e\000t\000a\000i\000l\000s\000\040\000a\000b\000o\000u\000t\000\040\000M\000o\000d\000e\000l\000\040\0001}{section.0.5}% 11
\BOOKMARK [1][-]{section.0.6}{\376\377\000T\000a\000s\000k\0002\000:}{}% 12
\BOOKMARK [2][-]{subsection.0.6.1}{\376\377\000C\000o\000n\000c\000l\000u\000s\000i\000o\000n\000\040\000o\000f\000\040\000M\000o\000d\000e\000l\000\040\0002}{section.0.6}% 13
\BOOKMARK [2][-]{subsection.0.6.2}{\376\377\000C\000o\000m\000m\000e\000t\000a\000r\000y\000\040\000o\000n\000\040\000M\000o\000d\000e\000l\000\040\0002}{section.0.6}% 14
\BOOKMARK [1][-]{section.0.7}{\376\377\000T\000a\000s\000k\0003}{}% 15
\BOOKMARK [1][-]{section.0.8}{\376\377\000T\000a\000s\000k\0004}{}% 16
\BOOKMARK [1][-]{section.0.9}{\376\377\000S\000e\000n\000s\000i\000t\000i\000v\000i\000t\000y\000\040\000A\000n\000a\000l\000y\000s\000i\000s}{}% 17
\BOOKMARK [1][-]{section.0.10}{\376\377\000M\000o\000d\000e\000l\000\040\000E\000v\000a\000l\000u\000a\000t\000i\000o\000n}{}% 18
\BOOKMARK [2][-]{subsection.0.10.1}{\376\377\000S\000t\000r\000e\000n\000g\000t\000h\000s}{section.0.10}% 19
\BOOKMARK [2][-]{subsection.0.10.2}{\376\377\000W\000e\000a\000k\000n\000e\000s\000s\000e\000s}{section.0.10}% 20
\BOOKMARK [1][-]{section.0.11}{\376\377\000C\000o\000n\000c\000l\000u\000s\000i\000o\000n}{}% 21
\BOOKMARK [1][-]{section.0.12}{\376\377\000M\000e\000m\000o\000r\000a\000n\000d\000u\000m}{}% 22
\BOOKMARK [1][-]{section.1.12}{\376\377\000R\000e\000f\000e\000r\000e\000n\000c\000e\000s}{}% 23
\BOOKMARK [1][-]{section*.6}{\376\377\000A\000p\000p\000e\000n\000d\000i\000x\000\040\000A\000:\000\040\000F\000u\000r\000t\000h\000e\000r\000\040\000o\000n\000\040\000L\000a\000T\000e\000X}{}% 24
\BOOKMARK [1][-]{section*.7}{\376\377\000A\000p\000p\000e\000n\000d\000i\000x\000\040\000B\000:\000\040\000P\000r\000o\000g\000r\000a\000m\000\040\000C\000o\000d\000e\000s}{}% 25
